<?xml version="1.0" encoding="UTF-8"?>
<!-- Generated by org.testng.reporters.JUnitXMLReporter -->
<testsuite ignored="0" hostname="DESKTOP-O0LMUNP" failures="0" tests="11" name="Test" time="15.51" errors="0" timestamp="2022-08-19T15:53:57 IST">
  <testcase classname="com.vyasasti.DemoMavenProject.DemoTest" name="OpenBrowser" time="7.976"/>
  <testcase classname="com.vyasasti.DemoMavenProject.DemoTest" name="VerifiyTitleOfHomepage" time="0.035"/>
  <testcase classname="com.vyasasti.DemoMavenProject.DemoTest" name="VerifyNewArrivalDisplayed" time="0.096"/>
  <testcase classname="com.vyasasti.DemoMavenProject.DemoTest" name="ClosedBrowser" time="0.333"/>
  <testcase classname="com.vyasasti.DemoMavenProject.TestNGAnnotation" name="ABCverify" time="0.0"/>
  <testcase classname="com.vyasasti.DemoMavenProject.TestNGAnnotation" name="XYZverify" time="0.0"/>
  <testcase classname="com.vyasasti.DemoMavenProject.TestNGAnnotation" name="verifyHomePageHeader" time="0.0"/>
  <testcase classname="com.vyasasti.DemoMavenProject.HomePageAutomation" name="OpenBrowser" time="6.65"/>
  <testcase classname="com.vyasasti.DemoMavenProject.HomePageAutomation" name="VerifiyTitleOfHomepage" time="0.066"/>
  <testcase classname="com.vyasasti.DemoMavenProject.HomePageAutomation" name="VerifyNewArrivalDisplayed" time="0.051"/>
  <testcase classname="com.vyasasti.DemoMavenProject.HomePageAutomation" name="ClosedBrowser" time="0.244"/>
</testsuite> <!-- Test -->
