<?xml version="1.0" encoding="UTF-8"?>
<testsuite xmlns:xsi="http://www.w3.org/2001/XMLSchema-instance" xsi:noNamespaceSchemaLocation="https://maven.apache.org/surefire/maven-surefire-plugin/xsd/surefire-test-report-3.0.xsd" version="3.0" name="TestSuite" time="16.111" tests="11" errors="0" skipped="0" failures="0">
  <properties>
[...]
</properties>
  <testcase name="OpenBrowser" classname="com.vyasasti.DemoMavenProject.DemoTest" time="8.002">
    <system-out><![CDATA[before suit method
]]></system-out>
    <system-err><![CDATA[Starting ChromeDriver 103.0.5060.53 (a1711811edd74ff1cf2150f36ffa3b0dae40b17f-refs/branch-heads/5060@{#853}) on port 37808
Only local connections are allowed.
Please see https://chromedriver.chromium.org/security-considerations for suggestions on keeping ChromeDriver safe.
ChromeDriver was started successfully.
[1660904625.276][WARNING]: This version of ChromeDriver has not been tested with Chrome version 104.
Aug 19, 2022 3:53:45 PM org.openqa.selenium.remote.ProtocolHandshake createSession
INFO: Detected dialect: W3C
]]></system-err>
  </testcase>
  <testcase name="VerifiyTitleOfHomepage" classname="com.vyasasti.DemoMavenProject.DemoTest" time="0.012">
    <system-out><![CDATA[Automation Practice Site
]]></system-out>
  </testcase>
  <testcase name="VerifyNewArrivalDisplayed" classname="com.vyasasti.DemoMavenProject.DemoTest" time="0.099"/>
  <testcase name="ClosedBrowser" classname="com.vyasasti.DemoMavenProject.DemoTest" time="0.331"/>
  <testcase name="ABCverify" classname="com.vyasasti.DemoMavenProject.TestNGAnnotation" time="0">
    <system-out><![CDATA[before class
before method
ABC verify Test Method
]]></system-out>
  </testcase>
  <testcase name="XYZverify" classname="com.vyasasti.DemoMavenProject.TestNGAnnotation" time="0.003">
    <system-out><![CDATA[after method execute
before method
XYZ verify Test Method
]]></system-out>
  </testcase>
  <testcase name="verifyHomePageHeader" classname="com.vyasasti.DemoMavenProject.TestNGAnnotation" time="0">
    <system-out><![CDATA[after method execute
before method
verify home page header test method
]]></system-out>
  </testcase>
  <testcase name="OpenBrowser" classname="com.vyasasti.DemoMavenProject.HomePageAutomation" time="6.662">
    <system-out><![CDATA[after method execute
after class
]]></system-out>
    <system-err><![CDATA[Starting ChromeDriver 103.0.5060.53 (a1711811edd74ff1cf2150f36ffa3b0dae40b17f-refs/branch-heads/5060@{#853}) on port 40154
Only local connections are allowed.
Please see https://chromedriver.chromium.org/security-considerations for suggestions on keeping ChromeDriver safe.
ChromeDriver was started successfully.
[1660904631.810][WARNING]: This version of ChromeDriver has not been tested with Chrome version 104.
Aug 19, 2022 3:53:51 PM org.openqa.selenium.remote.ProtocolHandshake createSession
INFO: Detected dialect: W3C
]]></system-err>
  </testcase>
  <testcase name="VerifiyTitleOfHomepage" classname="com.vyasasti.DemoMavenProject.HomePageAutomation" time="0.054">
    <system-out><![CDATA[Automation Practice Site
]]></system-out>
  </testcase>
  <testcase name="VerifyNewArrivalDisplayed" classname="com.vyasasti.DemoMavenProject.HomePageAutomation" time="0.053"/>
  <testcase name="ClosedBrowser" classname="com.vyasasti.DemoMavenProject.HomePageAutomation" time="0.243"/>
</testsuite>