<?xml version="1.0" encoding="UTF-8"?>
<testng-results ignored="0" total="11" passed="11" failed="0" skipped="0">
  <reporter-output>
  </reporter-output>
  <suite started-at="2022-08-19T15:53:42 IST" name="Suite" finished-at="2022-08-19T15:53:57 IST" duration-ms="15510">
    <groups>
    </groups>
    <test started-at="2022-08-19T15:53:42 IST" name="Test" finished-at="2022-08-19T15:53:57 IST" duration-ms="15510">
      <class name="com.vyasasti.DemoMavenProject.DemoTest">
        <test-method signature="OpenBrowser()[pri:1, instance:com.vyasasti.DemoMavenProject.DemoTest@60dcc9fe]" started-at="2022-08-19T15:53:42 IST" name="OpenBrowser" finished-at="2022-08-19T15:53:50 IST" duration-ms="7976" status="PASS">
          <reporter-output>
          </reporter-output>
        </test-method> <!-- OpenBrowser -->
        <test-method signature="VerifiyTitleOfHomepage()[pri:2, instance:com.vyasasti.DemoMavenProject.DemoTest@60dcc9fe]" started-at="2022-08-19T15:53:50 IST" name="VerifiyTitleOfHomepage" finished-at="2022-08-19T15:53:50 IST" duration-ms="35" status="PASS">
          <reporter-output>
          </reporter-output>
        </test-method> <!-- VerifiyTitleOfHomepage -->
        <test-method signature="VerifyNewArrivalDisplayed()[pri:3, instance:com.vyasasti.DemoMavenProject.DemoTest@60dcc9fe]" started-at="2022-08-19T15:53:50 IST" name="VerifyNewArrivalDisplayed" finished-at="2022-08-19T15:53:50 IST" duration-ms="96" status="PASS">
          <reporter-output>
          </reporter-output>
        </test-method> <!-- VerifyNewArrivalDisplayed -->
        <test-method signature="ClosedBrowser()[pri:4, instance:com.vyasasti.DemoMavenProject.DemoTest@60dcc9fe]" started-at="2022-08-19T15:53:50 IST" name="ClosedBrowser" finished-at="2022-08-19T15:53:50 IST" duration-ms="333" status="PASS">
          <reporter-output>
          </reporter-output>
        </test-method> <!-- ClosedBrowser -->
      </class> <!-- com.vyasasti.DemoMavenProject.DemoTest -->
      <class name="com.vyasasti.DemoMavenProject.TestNGAnnotation">
        <test-method is-config="true" signature="beforesuitmethod()[pri:0, instance:com.vyasasti.DemoMavenProject.TestNGAnnotation@670002]" started-at="2022-08-19T15:53:42 IST" name="beforesuitmethod" finished-at="2022-08-19T15:53:42 IST" duration-ms="8" status="PASS">
          <reporter-output>
          </reporter-output>
        </test-method> <!-- beforesuitmethod -->
        <test-method is-config="true" signature="BrowserSetup()[pri:0, instance:com.vyasasti.DemoMavenProject.TestNGAnnotation@670002]" started-at="2022-08-19T15:53:50 IST" name="BrowserSetup" finished-at="2022-08-19T15:53:50 IST" duration-ms="0" status="PASS">
          <reporter-output>
          </reporter-output>
        </test-method> <!-- BrowserSetup -->
        <test-method is-config="true" signature="beforemethod()[pri:0, instance:com.vyasasti.DemoMavenProject.TestNGAnnotation@670002]" started-at="2022-08-19T15:53:50 IST" name="beforemethod" finished-at="2022-08-19T15:53:50 IST" duration-ms="0" status="PASS">
          <reporter-output>
          </reporter-output>
        </test-method> <!-- beforemethod -->
        <test-method signature="ABCverify()[pri:0, instance:com.vyasasti.DemoMavenProject.TestNGAnnotation@670002]" started-at="2022-08-19T15:53:50 IST" name="ABCverify" finished-at="2022-08-19T15:53:50 IST" duration-ms="0" status="PASS">
          <reporter-output>
          </reporter-output>
        </test-method> <!-- ABCverify -->
        <test-method is-config="true" signature="aftermethod()[pri:0, instance:com.vyasasti.DemoMavenProject.TestNGAnnotation@670002]" started-at="2022-08-19T15:53:50 IST" name="aftermethod" finished-at="2022-08-19T15:53:50 IST" duration-ms="0" status="PASS">
          <reporter-output>
          </reporter-output>
        </test-method> <!-- aftermethod -->
        <test-method is-config="true" signature="beforemethod()[pri:0, instance:com.vyasasti.DemoMavenProject.TestNGAnnotation@670002]" started-at="2022-08-19T15:53:50 IST" name="beforemethod" finished-at="2022-08-19T15:53:50 IST" duration-ms="1" status="PASS">
          <reporter-output>
          </reporter-output>
        </test-method> <!-- beforemethod -->
        <test-method signature="XYZverify()[pri:0, instance:com.vyasasti.DemoMavenProject.TestNGAnnotation@670002]" started-at="2022-08-19T15:53:50 IST" name="XYZverify" finished-at="2022-08-19T15:53:50 IST" duration-ms="0" status="PASS">
          <reporter-output>
          </reporter-output>
        </test-method> <!-- XYZverify -->
        <test-method is-config="true" signature="aftermethod()[pri:0, instance:com.vyasasti.DemoMavenProject.TestNGAnnotation@670002]" started-at="2022-08-19T15:53:50 IST" name="aftermethod" finished-at="2022-08-19T15:53:50 IST" duration-ms="0" status="PASS">
          <reporter-output>
          </reporter-output>
        </test-method> <!-- aftermethod -->
        <test-method is-config="true" signature="beforemethod()[pri:0, instance:com.vyasasti.DemoMavenProject.TestNGAnnotation@670002]" started-at="2022-08-19T15:53:50 IST" name="beforemethod" finished-at="2022-08-19T15:53:50 IST" duration-ms="0" status="PASS">
          <reporter-output>
          </reporter-output>
        </test-method> <!-- beforemethod -->
        <test-method is-config="true" signature="aftermethod()[pri:0, instance:com.vyasasti.DemoMavenProject.TestNGAnnotation@670002]" started-at="2022-08-19T15:53:50 IST" name="aftermethod" finished-at="2022-08-19T15:53:50 IST" duration-ms="1" status="PASS">
          <reporter-output>
          </reporter-output>
        </test-method> <!-- aftermethod -->
        <test-method signature="verifyHomePageHeader()[pri:0, instance:com.vyasasti.DemoMavenProject.TestNGAnnotation@670002]" started-at="2022-08-19T15:53:50 IST" name="verifyHomePageHeader" finished-at="2022-08-19T15:53:50 IST" duration-ms="0" status="PASS">
          <reporter-output>
          </reporter-output>
        </test-method> <!-- verifyHomePageHeader -->
        <test-method is-config="true" signature="closebrowser()[pri:0, instance:com.vyasasti.DemoMavenProject.TestNGAnnotation@670002]" started-at="2022-08-19T15:53:50 IST" name="closebrowser" finished-at="2022-08-19T15:53:50 IST" duration-ms="0" status="PASS">
          <reporter-output>
          </reporter-output>
        </test-method> <!-- closebrowser -->
        <test-method is-config="true" signature="aftersuitmethod()[pri:0, instance:com.vyasasti.DemoMavenProject.TestNGAnnotation@670002]" started-at="2022-08-19T15:53:57 IST" name="aftersuitmethod" finished-at="2022-08-19T15:53:57 IST" duration-ms="0" status="PASS">
          <reporter-output>
          </reporter-output>
        </test-method> <!-- aftersuitmethod -->
      </class> <!-- com.vyasasti.DemoMavenProject.TestNGAnnotation -->
      <class name="com.vyasasti.DemoMavenProject.HomePageAutomation">
        <test-method signature="OpenBrowser()[pri:1, instance:com.vyasasti.DemoMavenProject.HomePageAutomation@56528192]" started-at="2022-08-19T15:53:50 IST" name="OpenBrowser" finished-at="2022-08-19T15:53:57 IST" duration-ms="6650" status="PASS">
          <reporter-output>
          </reporter-output>
        </test-method> <!-- OpenBrowser -->
        <test-method signature="VerifiyTitleOfHomepage()[pri:2, instance:com.vyasasti.DemoMavenProject.HomePageAutomation@56528192]" started-at="2022-08-19T15:53:57 IST" name="VerifiyTitleOfHomepage" finished-at="2022-08-19T15:53:57 IST" duration-ms="66" status="PASS">
          <reporter-output>
          </reporter-output>
        </test-method> <!-- VerifiyTitleOfHomepage -->
        <test-method signature="VerifyNewArrivalDisplayed()[pri:3, instance:com.vyasasti.DemoMavenProject.HomePageAutomation@56528192]" started-at="2022-08-19T15:53:57 IST" name="VerifyNewArrivalDisplayed" finished-at="2022-08-19T15:53:57 IST" duration-ms="51" status="PASS">
          <reporter-output>
          </reporter-output>
        </test-method> <!-- VerifyNewArrivalDisplayed -->
        <test-method signature="ClosedBrowser()[pri:4, instance:com.vyasasti.DemoMavenProject.HomePageAutomation@56528192]" started-at="2022-08-19T15:53:57 IST" name="ClosedBrowser" finished-at="2022-08-19T15:53:57 IST" duration-ms="244" status="PASS">
          <reporter-output>
          </reporter-output>
        </test-method> <!-- ClosedBrowser -->
      </class> <!-- com.vyasasti.DemoMavenProject.HomePageAutomation -->
    </test> <!-- Test -->
  </suite> <!-- Suite -->
</testng-results>
